<?xml version="1.0" encoding="utf-8"?><testsuites name="pytest tests"><testsuite name="pytest" errors="0" failures="0" skipped="0" tests="35" time="5.343" timestamp="2026-08-25T06:49:09.632271+00:00" hostname="agent-env-c8139bb2-133c-4c46-b7ab-1068b2d9f0b7"><testcase classname="tests.backend_test.TestAuthAndCatalog" name="test_login_admin_returns_token_and_permissions" time="0.637" /><testcase classname="tests.backend_test.TestAuthAndCatalog" name="test_login_bad_credentials" time="0.322" /><testcase classname="tests.backend_test.TestStudents" name="test_create_student_with_class_and_initial_payment" time="1.307" /><testcase classname="tests.backend_test.TestStudents" name="test_create_student_bad_class" time="0.096" /><testcase classname="tests.backend_test.TestAuthAndCatalog" name="test_me" time="0.489" /><testcase classname="tests.backend_test.TestStudents" name="test_create_student_invalid_reg_path" time="0.102" /><testcase classname="tests.backend_test.TestAuthAndCatalog" name="test_permissions_catalog" time="0.125" /><testcase classname="tests.backend_test.TestStudents" name="test_list_students_search_and_filters" time="0.138" /><testcase classname="tests.backend_test.TestAuthAndCatalog" name="test_roles_seeded" time="0.198" /><testcase classname="tests.backend_test.TestStudents" name="test_list_students_by_teacher" time="0.100" /><testcase classname="tests.backend_test.TestStudents" name="test_get_student_augmented" time="0.106" /><testcase classname="tests.backend_test.TestStudents" name="test_get_full_information" time="0.103" /><testcase classname="tests.backend_test.TestTeachers" name="test_create_teacher_has_auto_code" time="0.141" /><testcase classname="tests.backend_test.TestTeachers" name="test_sequential_codes" time="0.198" /><testcase classname="tests.backend_test.TestStudents" name="test_update_student_preserves_code" time="0.111" /><testcase classname="tests.backend_test.TestCodeGenerationSettings" name="test_get_defaults" time="0.095" /><testcase classname="tests.backend_test.TestTeachers" name="test_list_teachers_pagination_and_search" time="0.100" /><testcase classname="tests.backend_test.TestCodeGenerationSettings" name="test_preview_custom_format" time="0.096" /><testcase classname="tests.backend_test.TestTeachers" name="test_list_filter_gender" time="0.096" /><testcase classname="tests.backend_test.TestCodeGenerationSettings" name="test_update_settings_rejects_unknown_token" time="0.096" /><testcase classname="tests.backend_test.TestTeachers" name="test_update_teacher" time="0.099" /><testcase classname="tests.backend_test.TestCodeGenerationSettings" name="test_update_settings_success" time="0.101" /><testcase classname="tests.backend_test.TestClasses" name="test_create_class_auto_code_and_enrichment" time="0.000" /><testcase classname="tests.backend_test.TestClasses" name="test_list_classes_filters" time="0.139" /><testcase classname="tests.backend_test.TestClasses" name="test_delete_teacher_with_class_blocked" time="0.136" /><testcase classname="tests.backend_test.TestOrphanDocument" name="test_upload_pdf" time="0.394" /><testcase classname="tests.backend_test.TestPayments" name="test_overpayment_prevented" time="0.138" /><testcase classname="tests.backend_test.TestOrphanDocument" name="test_download" time="0.153" /><testcase classname="tests.backend_test.TestPayments" name="test_list_student_payments_enriched" time="0.143" /><testcase classname="tests.backend_test.TestOrphanDocument" name="test_replace_old_removed" time="0.204" /><testcase classname="tests.backend_test.TestOrphanDocument" name="test_reject_txt" time="0.283" /><testcase classname="tests.backend_test.TestDashboard" name="test_dashboard_stats" time="0.320" /><testcase classname="tests.backend_test.TestRBAC" name="test_reg_staff_cannot_delete_student" time="0.848" /><testcase classname="tests.backend_test.TestRBAC" name="test_reg_staff_cannot_delete_teacher" time="0.096" /><testcase classname="tests.backend_test.TestZZCleanup" name="test_cleanup" time="0.625" /></testsuite></testsuites>